<?xml version="1.0" encoding="UTF-8"?>
<testsuite xmlns:xsi="http://www.w3.org/2001/XMLSchema-instance" xsi:noNamespaceSchemaLocation="https://maven.apache.org/surefire/maven-surefire-plugin/xsd/surefire-test-report.xsd" name="com.pluralsight.courseinfo.domain.CourseTest" time="0.042" tests="7" errors="0" skipped="0" failures="0">
  <properties>
[...]
</properties>
  <testcase name="whenACourseFieldIsNullorEmptyThenAnExceptionIsThrown{String, String, String}[1]" classname="com.pluralsight.courseinfo.domain.CourseTest" time="0.017"/>
  <testcase name="whenACourseFieldIsNullorEmptyThenAnExceptionIsThrown{String, String, String}[2]" classname="com.pluralsight.courseinfo.domain.CourseTest" time="0.001"/>
  <testcase name="whenACourseFieldIsNullorEmptyThenAnExceptionIsThrown{String, String, String}[3]" classname="com.pluralsight.courseinfo.domain.CourseTest" time="0.001"/>
  <testcase name="whenACourseFieldIsNullorEmptyThenAnExceptionIsThrown{String, String, String}[4]" classname="com.pluralsight.courseinfo.domain.CourseTest" time="0"/>
  <testcase name="whenACourseFieldIsNullorEmptyThenAnExceptionIsThrown{String, String, String}[5]" classname="com.pluralsight.courseinfo.domain.CourseTest" time="0.001"/>
  <testcase name="whenACourseFieldIsNullorEmptyThenAnExceptionIsThrown{String, String, String}[6]" classname="com.pluralsight.courseinfo.domain.CourseTest" time="0.001"/>
  <testcase name="givenACourseWhenAllFieldsAreNotNullOrBlankThenTheCourseIsCreatedSuccessfully" classname="com.pluralsight.courseinfo.domain.CourseTest" time="0.001"/>
</testsuite>